build/app/outputs/logs/manifest-merger-release-report.txt
-- Merging decision tree log ---
manifest
ADDED from src\main\AndroidManifest.xml:1:1-27:12
INJECTED from src\main\AndroidManifest.xml:1:1-27:12
INJECTED from src\main\AndroidManifest.xml:1:1-27:12
INJECTED from src\main\AndroidManifest.xml:1:1-27:12
MERGED from [:mlkit] AndroidManifest.xml:2:1-7:12
MERGED from [:firebase_core] AndroidManifest.xml:2:1-15:12
MERGED from [com.google.firebase:firebase-core:16.0.9] AndroidManifest.xml:2:1-9:12
MERGED from [:image_picker] AndroidManifest.xml:2:1-22:12
MERGED from [:cloud_firestore] AndroidManifest.xml:2:1-15:12
MERGED from [com.google.firebase:firebase-analytics:16.5.0] AndroidManifest.xml:2:1-9:12
MERGED from [com.google.firebase:firebase-ml-vision:20.0.0] AndroidManifest.xml:2:1-8:12
MERGED from [com.google.firebase:firebase-ml-vision-image-label-model:17.0.2] AndroidManifest.xml:2:1-9:12
MERGED from [com.google.firebase:firebase-ml-natural-language-language-id-model:19.0.1] AndroidManifest.xml:2:1-7:12
MERGED from [com.google.firebase:firebase-ml-natural-language:19.0.1] AndroidManifest.xml:2:1-18:12
MERGED from [com.google.firebase:firebase-ml-vision-face-model:17.0.2] AndroidManifest.xml:2:1-9:12
MERGED from [com.google.firebase:firebase-ml-model-interpreter:19.0.0] AndroidManifest.xml:2:1-8:12
MERGED from [com.google.firebase:firebase-firestore:19.0.0] AndroidManifest.xml:2:1-24:12
MERGED from [com.google.android.gms:play-services-measurement:16.5.0] AndroidManifest.xml:17:1-55:12
MERGED from [com.google.android.gms:play-services-measurement-api:16.5.0] AndroidManifest.xml:17:1-36:12
MERGED from [com.google.android.gms:play-services-measurement-sdk:16.5.0] AndroidManifest.xml:17:1-25:12
MERGED from [com.google.firebase:firebase-ml-natural-language-translate:19.0.0] AndroidManifest.xml:2:1-8:12
MERGED from [com.google.firebase:firebase-ml-common:19.0.0] AndroidManifest.xml:2:1-8:12
MERGED from [com.google.firebase:firebase-config:17.0.0] AndroidManifest.xml:2:1-15:12
MERGED from [com.google.firebase:firebase-iid:18.0.0] AndroidManifest.xml:17:1-47:12
MERGED from [com.google.firebase:firebase-auth-interop:17.0.0] AndroidManifest.xml:2:1-10:12
MERGED from [com.google.firebase:firebase-abt:17.1.1] AndroidManifest.xml:2:1-15:12
MERGED from [com.google.firebase:firebase-common:17.0.0] AndroidManifest.xml:2:1-19:12
MERGED from [com.google.android.gms:play-services-auth-base:16.0.0] AndroidManifest.xml:2:1-7:12
MERGED from [com.google.android.gms:play-services-vision:17.0.2] AndroidManifest.xml:2:1-9:12
MERGED from [com.google.android.gms:play-services-vision-image-label:17.0.2] AndroidManifest.xml:2:1-9:12
MERGED from [com.google.android.gms:play-services-vision-common:17.0.2] AndroidManifest.xml:2:1-9:12
MERGED from [com.google.android.gms:play-services-clearcut:16.0.0] AndroidManifest.xml:17:1-24:12
MERGED from [com.google.android.gms:play-services-flags:16.0.1] AndroidManifest.xml:17:1-22:12
MERGED from [com.google.android.gms:play-services-phenotype:16.0.0] AndroidManifest.xml:17:1-24:12
MERGED from [com.google.firebase:firebase-ml-natural-language-smart-reply:17.0.1] AndroidManifest.xml:17:1-24:12
MERGED from [com.google.firebase:firebase-iid-interop:16.0.1] AndroidManifest.xml:2:1-10:12
MERGED from [com.google.android.gms:play-services-base:16.0.1] AndroidManifest.xml:17:1-29:12
MERGED from [com.google.android.gms:play-services-tasks:16.0.1] AndroidManifest.xml:2:1-9:12
MERGED from [com.google.android.gms:play-services-measurement-impl:16.5.0] AndroidManifest.xml:17:1-40:12
MERGED from [com.google.android.gms:play-services-measurement-sdk-api:16.5.0] AndroidManifest.xml:17:1-40:12
MERGED from [com.google.android.gms:play-services-measurement-base:16.5.0] AndroidManifest.xml:2:1-9:12
MERGED from [com.google.android.gms:play-services-stats:16.0.1] AndroidManifest.xml:2:1-9:12
MERGED from [com.google.firebase:firebase-measurement-connector:17.0.1] AndroidManifest.xml:17:1-25:12
MERGED from [com.google.android.gms:play-services-ads-identifier:16.0.0] AndroidManifest.xml:17:1-24:12
MERGED from [com.google.android.gms:play-services-basement:16.2.0] AndroidManifest.xml:17:1-28:12
MERGED from [androidx.legacy:legacy-support-v4:1.0.0] AndroidManifest.xml:17:1-22:12
MERGED from [androidx.exifinterface:exifinterface:1.0.0-rc01] AndroidManifest.xml:17:1-22:12
MERGED from [io.grpc:grpc-android:1.16.1] AndroidManifest.xml:2:1-13:12
MERGED from [androidx.media:media:1.0.0] AndroidManifest.xml:17:1-22:12
MERGED from [androidx.fragment:fragment:1.0.0] AndroidManifest.xml:17:1-22:12
MERGED from [androidx.legacy:legacy-support-core-ui:1.0.0] AndroidManifest.xml:17:1-22:12
MERGED from [androidx.legacy:legacy-support-core-utils:1.0.0] AndroidManifest.xml:17:1-22:12
MERGED from [androidx.loader:loader:1.0.0] AndroidManifest.xml:17:1-22:12
MERGED from [androidx.viewpager:viewpager:1.0.0] AndroidManifest.xml:17:1-22:12
MERGED from [androidx.coordinatorlayout:coordinatorlayout:1.0.0] AndroidManifest.xml:17:1-22:12
MERGED from [androidx.drawerlayout:drawerlayout:1.0.0] AndroidManifest.xml:17:1-22:12
MERGED from [androidx.slidingpanelayout:slidingpanelayout:1.0.0] AndroidManifest.xml:17:1-22:12
MERGED from [androidx.customview:customview:1.0.0] AndroidManifest.xml:17:1-22:12
MERGED from [androidx.swiperefreshlayout:swiperefreshlayout:1.0.0] AndroidManifest.xml:17:1-22:12
MERGED from [androidx.asynclayoutinflater:asynclayoutinflater:1.0.0] AndroidManifest.xml:17:1-22:12
MERGED from [androidx.core:core:1.0.0] AndroidManifest.xml:17:1-24:12
MERGED from [androidx.versionedparcelable:versionedparcelable:1.0.0] AndroidManifest.xml:17:1-25:12
MERGED from [androidx.lifecycle:lifecycle-runtime:2.0.0] AndroidManifest.xml:17:1-22:12
MERGED from [androidx.documentfile:documentfile:1.0.0] AndroidManifest.xml:17:1-22:12
MERGED from [androidx.localbroadcastmanager:localbroadcastmanager:1.0.0] AndroidManifest.xml:17:1-22:12
MERGED from [androidx.print:print:1.0.0] AndroidManifest.xml:17:1-22:12
MERGED from [androidx.interpolator:interpolator:1.0.0] AndroidManifest.xml:17:1-22:12
MERGED from [androidx.cursoradapter:cursoradapter:1.0.0] AndroidManifest.xml:17:1-22:12
MERGED from [androidx.lifecycle:lifecycle-viewmodel:2.0.0] AndroidManifest.xml:17:1-22:12
MERGED from [androidx.lifecycle:lifecycle-livedata:2.0.0] AndroidManifest.xml:17:1-22:12
MERGED from [androidx.lifecycle:lifecycle-livedata-core:2.0.0] AndroidManifest.xml:17:1-22:12
MERGED from [androidx.arch.core:core-runtime:2.0.0] AndroidManifest.xml:17:1-22:12
MERGED from [org.tensorflow:tensorflow-lite:1.13.1] AndroidManifest.xml:2:1-11:12
MERGED from [com.google.firebase:firebase-database-collection:16.0.1] AndroidManifest.xml:2:1-7:12
MERGED from [com.google.firebase:protolite-well-known-types:16.0.1] AndroidManifest.xml:2:1-11:12
INJECTED from src\main\AndroidManifest.xml:1:1-27:12
INJECTED from src\main\AndroidManifest.xml:1:1-27:12
INJECTED from src\main\AndroidManifest.xml:1:1-27:12
	package
		ADDED from src\main\AndroidManifest.xml:1:70-103
		INJECTED from src\main\AndroidManifest.xml
		INJECTED from src\main\AndroidManifest.xml
	android:versionName
		INJECTED from src\main\AndroidManifest.xml
		ADDED from src\main\AndroidManifest.xml:1:1-27:12
		INJECTED from src\main\AndroidManifest.xml
	android:versionCode
		INJECTED from src\main\AndroidManifest.xml
		ADDED from src\main\AndroidManifest.xml:1:1-27:12
		INJECTED from src\main\AndroidManifest.xml
	xmlns:android
		ADDED from src\main\AndroidManifest.xml:1:11-69
uses-permission#android.permission.INTERNET
ADDED from src\main\AndroidManifest.xml:3:5-66
MERGED from [com.google.firebase:firebase-firestore:19.0.0] AndroidManifest.xml:14:5-67
MERGED from [com.google.firebase:firebase-firestore:19.0.0] AndroidManifest.xml:14:5-67
MERGED from [com.google.android.gms:play-services-measurement:16.5.0] AndroidManifest.xml:23:5-67
MERGED from [com.google.android.gms:play-services-measurement:16.5.0] AndroidManifest.xml:23:5-67
MERGED from [com.google.android.gms:play-services-measurement-api:16.5.0] AndroidManifest.xml:22:5-67
MERGED from [com.google.android.gms:play-services-measurement-api:16.5.0] AndroidManifest.xml:22:5-67
MERGED from [com.google.firebase:firebase-iid:18.0.0] AndroidManifest.xml:23:5-67
MERGED from [com.google.firebase:firebase-iid:18.0.0] AndroidManifest.xml:23:5-67
MERGED from [com.google.android.gms:play-services-measurement-impl:16.5.0] AndroidManifest.xml:23:5-67
MERGED from [com.google.android.gms:play-services-measurement-impl:16.5.0] AndroidManifest.xml:23:5-67
MERGED from [com.google.android.gms:play-services-measurement-sdk-api:16.5.0] AndroidManifest.xml:23:5-67
MERGED from [com.google.android.gms:play-services-measurement-sdk-api:16.5.0] AndroidManifest.xml:23:5-67
	android:name
		ADDED from src\main\AndroidManifest.xml:3:22-64
uses-permission#android.permission.CAMERA
ADDED from src\main\AndroidManifest.xml:4:5-64
	android:name
		ADDED from src\main\AndroidManifest.xml:4:22-62
uses-permission#android.permission.READ_EXTERNAL_STORAGE
ADDED from src\main\AndroidManifest.xml:5:5-80
MERGED from [:image_picker] AndroidManifest.xml:7:5-80
MERGED from [:image_picker] AndroidManifest.xml:7:5-80
	android:name
		ADDED from src\main\AndroidManifest.xml:5:22-77
application
ADDED from src\main\AndroidManifest.xml:7:5-26:19
MERGED from [:firebase_core] AndroidManifest.xml:7:5-13:19
MERGED from [:firebase_core] AndroidManifest.xml:7:5-13:19
MERGED from [com.google.firebase:firebase-core:16.0.9] AndroidManifest.xml:7:5-20
MERGED from [com.google.firebase:firebase-core:16.0.9] AndroidManifest.xml:7:5-20
MERGED from [:image_picker] AndroidManifest.xml:10:5-20:19
MERGED from [:image_picker] AndroidManifest.xml:10:5-20:19
MERGED from [:cloud_firestore] AndroidManifest.xml:7:5-13:19
MERGED from [:cloud_firestore] AndroidManifest.xml:7:5-13:19
MERGED from [com.google.firebase:firebase-analytics:16.5.0] AndroidManifest.xml:7:5-20
MERGED from [com.google.firebase:firebase-analytics:16.5.0] AndroidManifest.xml:7:5-20
MERGED from [com.google.firebase:firebase-ml-vision-image-label-model:17.0.2] AndroidManifest.xml:7:5-20
MERGED from [com.google.firebase:firebase-ml-vision-image-label-model:17.0.2] AndroidManifest.xml:7:5-20
MERGED from [com.google.firebase:firebase-ml-natural-language:19.0.1] AndroidManifest.xml:8:5-16:19
MERGED from [com.google.firebase:firebase-ml-natural-language:19.0.1] AndroidManifest.xml:8:5-16:19
MERGED from [com.google.firebase:firebase-ml-vision-face-model:17.0.2] AndroidManifest.xml:7:5-20
MERGED from [com.google.firebase:firebase-ml-vision-face-model:17.0.2] AndroidManifest.xml:7:5-20
MERGED from [com.google.firebase:firebase-firestore:19.0.0] AndroidManifest.xml:16:5-22:19
MERGED from [com.google.firebase:firebase-firestore:19.0.0] AndroidManifest.xml:16:5-22:19
MERGED from [com.google.android.gms:play-services-measurement:16.5.0] AndroidManifest.xml:28:5-53:19
MERGED from [com.google.android.gms:play-services-measurement:16.5.0] AndroidManifest.xml:28:5-53:19
MERGED from [com.google.android.gms:play-services-measurement-api:16.5.0] AndroidManifest.xml:26:5-34:19
MERGED from [com.google.android.gms:play-services-measurement-api:16.5.0] AndroidManifest.xml:26:5-34:19
MERGED from [com.google.android.gms:play-services-measurement-sdk:16.5.0] AndroidManifest.xml:22:5-23:19
MERGED from [com.google.android.gms:play-services-measurement-sdk:16.5.0] AndroidManifest.xml:22:5-23:19
MERGED from [com.google.firebase:firebase-config:17.0.0] AndroidManifest.xml:7:5-13:19
MERGED from [com.google.firebase:firebase-config:17.0.0] AndroidManifest.xml:7:5-13:19
MERGED from [com.google.firebase:firebase-iid:18.0.0] AndroidManifest.xml:28:5-45:19
MERGED from [com.google.firebase:firebase-iid:18.0.0] AndroidManifest.xml:28:5-45:19
MERGED from [com.google.firebase:firebase-auth-interop:17.0.0] AndroidManifest.xml:7:5-8:19
MERGED from [com.google.firebase:firebase-auth-interop:17.0.0] AndroidManifest.xml:7:5-8:19
MERGED from [com.google.firebase:firebase-abt:17.1.1] AndroidManifest.xml:7:5-13:19
MERGED from [com.google.firebase:firebase-abt:17.1.1] AndroidManifest.xml:7:5-13:19
MERGED from [com.google.firebase:firebase-common:17.0.0] AndroidManifest.xml:11:5-17:19
MERGED from [com.google.firebase:firebase-common:17.0.0] AndroidManifest.xml:11:5-17:19
MERGED from [com.google.android.gms:play-services-vision:17.0.2] AndroidManifest.xml:7:5-20
MERGED from [com.google.android.gms:play-services-vision:17.0.2] AndroidManifest.xml:7:5-20
MERGED from [com.google.android.gms:play-services-vision-image-label:17.0.2] AndroidManifest.xml:7:5-20
MERGED from [com.google.android.gms:play-services-vision-image-label:17.0.2] AndroidManifest.xml:7:5-20
MERGED from [com.google.android.gms:play-services-vision-common:17.0.2] AndroidManifest.xml:7:5-20
MERGED from [com.google.android.gms:play-services-vision-common:17.0.2] AndroidManifest.xml:7:5-20
MERGED from [com.google.android.gms:play-services-clearcut:16.0.0] AndroidManifest.xml:22:5-20
MERGED from [com.google.android.gms:play-services-clearcut:16.0.0] AndroidManifest.xml:22:5-20
MERGED from [com.google.android.gms:play-services-phenotype:16.0.0] AndroidManifest.xml:22:5-20
MERGED from [com.google.android.gms:play-services-phenotype:16.0.0] AndroidManifest.xml:22:5-20
MERGED from [com.google.firebase:firebase-ml-natural-language-smart-reply:17.0.1] AndroidManifest.xml:22:5-20
MERGED from [com.google.firebase:firebase-ml-natural-language-smart-reply:17.0.1] AndroidManifest.xml:22:5-20
MERGED from [com.google.firebase:firebase-iid-interop:16.0.1] AndroidManifest.xml:7:5-8:19
MERGED from [com.google.firebase:firebase-iid-interop:16.0.1] AndroidManifest.xml:7:5-8:19
MERGED from [com.google.android.gms:play-services-base:16.0.1] AndroidManifest.xml:22:5-27:19
MERGED from [com.google.android.gms:play-services-base:16.0.1] AndroidManifest.xml:22:5-27:19
MERGED from [com.google.android.gms:play-services-tasks:16.0.1] AndroidManifest.xml:7:5-20
MERGED from [com.google.android.gms:play-services-tasks:16.0.1] AndroidManifest.xml:7:5-20
MERGED from [com.google.android.gms:play-services-measurement-impl:16.5.0] AndroidManifest.xml:28:5-38:19
MERGED from [com.google.android.gms:play-services-measurement-impl:16.5.0] AndroidManifest.xml:28:5-38:19
MERGED from [com.google.android.gms:play-services-measurement-sdk-api:16.5.0] AndroidManifest.xml:28:5-38:19
MERGED from [com.google.android.gms:play-services-measurement-sdk-api:16.5.0] AndroidManifest.xml:28:5-38:19
MERGED from [com.google.android.gms:play-services-measurement-base:16.5.0] AndroidManifest.xml:7:5-20
MERGED from [com.google.android.gms:play-services-measurement-base:16.5.0] AndroidManifest.xml:7:5-20
MERGED from [com.google.android.gms:play-services-stats:16.0.1] AndroidManifest.xml:7:5-20
MERGED from [com.google.android.gms:play-services-stats:16.0.1] AndroidManifest.xml:7:5-20
MERGED from [com.google.firebase:firebase-measurement-connector:17.0.1] AndroidManifest.xml:22:5-23:19
MERGED from [com.google.firebase:firebase-measurement-connector:17.0.1] AndroidManifest.xml:22:5-23:19
MERGED from [com.google.android.gms:play-services-ads-identifier:16.0.0] AndroidManifest.xml:22:5-20
MERGED from [com.google.android.gms:play-services-ads-identifier:16.0.0] AndroidManifest.xml:22:5-20
MERGED from [com.google.android.gms:play-services-basement:16.2.0] AndroidManifest.xml:22:5-26:19
MERGED from [com.google.android.gms:play-services-basement:16.2.0] AndroidManifest.xml:22:5-26:19
MERGED from [androidx.core:core:1.0.0] AndroidManifest.xml:22:5-89
MERGED from [androidx.core:core:1.0.0] AndroidManifest.xml:22:5-89
MERGED from [androidx.versionedparcelable:versionedparcelable:1.0.0] AndroidManifest.xml:22:5-23:19
MERGED from [androidx.versionedparcelable:versionedparcelable:1.0.0] AndroidManifest.xml:22:5-23:19
MERGED from [org.tensorflow:tensorflow-lite:1.13.1] AndroidManifest.xml:9:5-20
MERGED from [org.tensorflow:tensorflow-lite:1.13.1] AndroidManifest.xml:9:5-20
	android:appComponentFactory
		ADDED from [androidx.core:core:1.0.0] AndroidManifest.xml:22:18-86
	android:label
		ADDED from src\main\AndroidManifest.xml:9:9-38
	android:icon
		ADDED from src\main\AndroidManifest.xml:10:9-43
	android:name
		ADDED from src\main\AndroidManifest.xml:8:9-57
activity#com.example.start_stopp.MainActivity
ADDED from src\main\AndroidManifest.xml:11:9-25:20
	android:launchMode
		ADDED from src\main\AndroidManifest.xml:13:13-43
	android:hardwareAccelerated
		ADDED from src\main\AndroidManifest.xml:16:13-47
	android:windowSoftInputMode
		ADDED from src\main\AndroidManifest.xml:17:13-55
	android:configChanges
		ADDED from src\main\AndroidManifest.xml:15:13-144
	android:theme
		ADDED from src\main\AndroidManifest.xml:14:13-47
	android:name
		ADDED from src\main\AndroidManifest.xml:12:13-41
meta-data#io.flutter.app.android.SplashScreenUntilFirstFrame
ADDED from src\main\AndroidManifest.xml:18:13-20:40
	android:value
		ADDED from src\main\AndroidManifest.xml:20:17-37
	android:name
		ADDED from src\main\AndroidManifest.xml:19:17-82
intent-filter#action:name:android.intent.action.MAIN+category:name:android.intent.category.LAUNCHER
ADDED from src\main\AndroidManifest.xml:21:13-24:29
action#android.intent.action.MAIN
ADDED from src\main\AndroidManifest.xml:22:17-68
	android:name
		ADDED from src\main\AndroidManifest.xml:22:25-66
category#android.intent.category.LAUNCHER
ADDED from src\main\AndroidManifest.xml:23:17-76
	android:name
		ADDED from src\main\AndroidManifest.xml:23:27-74
uses-sdk
INJECTED from src\main\AndroidManifest.xml reason: use-sdk injection requested
INJECTED from src\main\AndroidManifest.xml
INJECTED from src\main\AndroidManifest.xml
MERGED from [:mlkit] AndroidManifest.xml:5:5-44
MERGED from [:mlkit] AndroidManifest.xml:5:5-44
MERGED from [:firebase_core] AndroidManifest.xml:5:5-44
MERGED from [:firebase_core] AndroidManifest.xml:5:5-44
MERGED from [com.google.firebase:firebase-core:16.0.9] AndroidManifest.xml:5:5-44
MERGED from [com.google.firebase:firebase-core:16.0.9] AndroidManifest.xml:5:5-44
MERGED from [:image_picker] AndroidManifest.xml:5:5-44
MERGED from [:image_picker] AndroidManifest.xml:5:5-44
MERGED from [:cloud_firestore] AndroidManifest.xml:5:5-44
MERGED from [:cloud_firestore] AndroidManifest.xml:5:5-44
MERGED from [com.google.firebase:firebase-analytics:16.5.0] AndroidManifest.xml:5:5-44
MERGED from [com.google.firebase:firebase-analytics:16.5.0] AndroidManifest.xml:5:5-44
MERGED from [com.google.firebase:firebase-ml-vision:20.0.0] AndroidManifest.xml:6:5-44
MERGED from [com.google.firebase:firebase-ml-vision:20.0.0] AndroidManifest.xml:6:5-44
MERGED from [com.google.firebase:firebase-ml-vision-image-label-model:17.0.2] AndroidManifest.xml:5:5-44
MERGED from [com.google.firebase:firebase-ml-vision-image-label-model:17.0.2] AndroidManifest.xml:5:5-44
MERGED from [com.google.firebase:firebase-ml-natural-language-language-id-model:19.0.1] AndroidManifest.xml:5:5-44
MERGED from [com.google.firebase:firebase-ml-natural-language-language-id-model:19.0.1] AndroidManifest.xml:5:5-44
MERGED from [com.google.firebase:firebase-ml-natural-language:19.0.1] AndroidManifest.xml:6:5-44
MERGED from [com.google.firebase:firebase-ml-natural-language:19.0.1] AndroidManifest.xml:6:5-44
MERGED from [com.google.firebase:firebase-ml-vision-face-model:17.0.2] AndroidManifest.xml:5:5-44
MERGED from [com.google.firebase:firebase-ml-vision-face-model:17.0.2] AndroidManifest.xml:5:5-44
MERGED from [com.google.firebase:firebase-ml-model-interpreter:19.0.0] AndroidManifest.xml:6:5-44
MERGED from [com.google.firebase:firebase-ml-model-interpreter:19.0.0] AndroidManifest.xml:6:5-44
MERGED from [com.google.firebase:firebase-firestore:19.0.0] AndroidManifest.xml:7:5-9:41
MERGED from [com.google.firebase:firebase-firestore:19.0.0] AndroidManifest.xml:7:5-9:41
MERGED from [com.google.android.gms:play-services-measurement:16.5.0] AndroidManifest.xml:20:5-44
MERGED from [com.google.android.gms:play-services-measurement:16.5.0] AndroidManifest.xml:20:5-44
MERGED from [com.google.android.gms:play-services-measurement-api:16.5.0] AndroidManifest.xml:20:5-44
MERGED from [com.google.android.gms:play-services-measurement-api:16.5.0] AndroidManifest.xml:20:5-44
MERGED from [com.google.android.gms:play-services-measurement-sdk:16.5.0] AndroidManifest.xml:20:5-44
MERGED from [com.google.android.gms:play-services-measurement-sdk:16.5.0] AndroidManifest.xml:20:5-44
MERGED from [com.google.firebase:firebase-ml-natural-language-translate:19.0.0] AndroidManifest.xml:6:5-44
MERGED from [com.google.firebase:firebase-ml-natural-language-translate:19.0.0] AndroidManifest.xml:6:5-44
MERGED from [com.google.firebase:firebase-ml-common:19.0.0] AndroidManifest.xml:6:5-44
MERGED from [com.google.firebase:firebase-ml-common:19.0.0] AndroidManifest.xml:6:5-44
MERGED from [com.google.firebase:firebase-config:17.0.0] AndroidManifest.xml:5:5-44
MERGED from [com.google.firebase:firebase-config:17.0.0] AndroidManifest.xml:5:5-44
MERGED from [com.google.firebase:firebase-iid:18.0.0] AndroidManifest.xml:20:5-44
MERGED from [com.google.firebase:firebase-iid:18.0.0] AndroidManifest.xml:20:5-44
MERGED from [com.google.firebase:firebase-auth-interop:17.0.0] AndroidManifest.xml:5:5-44
MERGED from [com.google.firebase:firebase-auth-interop:17.0.0] AndroidManifest.xml:5:5-44
MERGED from [com.google.firebase:firebase-abt:17.1.1] AndroidManifest.xml:5:5-44
MERGED from [com.google.firebase:firebase-abt:17.1.1] AndroidManifest.xml:5:5-44
MERGED from [com.google.firebase:firebase-common:17.0.0] AndroidManifest.xml:6:5-8:41
MERGED from [com.google.firebase:firebase-common:17.0.0] AndroidManifest.xml:6:5-8:41
MERGED from [com.google.android.gms:play-services-auth-base:16.0.0] AndroidManifest.xml:5:5-44
MERGED from [com.google.android.gms:play-services-auth-base:16.0.0] AndroidManifest.xml:5:5-44
MERGED from [com.google.android.gms:play-services-vision:17.0.2] AndroidManifest.xml:5:5-44
MERGED from [com.google.android.gms:play-services-vision:17.0.2] AndroidManifest.xml:5:5-44
MERGED from [com.google.android.gms:play-services-vision-image-label:17.0.2] AndroidManifest.xml:5:5-44
MERGED from [com.google.android.gms:play-services-vision-image-label:17.0.2] AndroidManifest.xml:5:5-44
MERGED from [com.google.android.gms:play-services-vision-common:17.0.2] AndroidManifest.xml:5:5-44
MERGED from [com.google.android.gms:play-services-vision-common:17.0.2] AndroidManifest.xml:5:5-44
MERGED from [com.google.android.gms:play-services-clearcut:16.0.0] AndroidManifest.xml:20:5-44
MERGED from [com.google.android.gms:play-services-clearcut:16.0.0] AndroidManifest.xml:20:5-44
MERGED from [com.google.android.gms:play-services-flags:16.0.1] AndroidManifest.xml:20:5-44
MERGED from [com.google.android.gms:play-services-flags:16.0.1] AndroidManifest.xml:20:5-44
MERGED from [com.google.android.gms:play-services-phenotype:16.0.0] AndroidManifest.xml:20:5-44
MERGED from [com.google.android.gms:play-services-phenotype:16.0.0] AndroidManifest.xml:20:5-44
MERGED from [com.google.firebase:firebase-ml-natural-language-smart-reply:17.0.1] AndroidManifest.xml:20:5-44
MERGED from [com.google.firebase:firebase-ml-natural-language-smart-reply:17.0.1] AndroidManifest.xml:20:5-44
MERGED from [com.google.firebase:firebase-iid-interop:16.0.1] AndroidManifest.xml:5:5-44
MERGED from [com.google.firebase:firebase-iid-interop:16.0.1] AndroidManifest.xml:5:5-44
MERGED from [com.google.android.gms:play-services-base:16.0.1] AndroidManifest.xml:20:5-44
MERGED from [com.google.android.gms:play-services-base:16.0.1] AndroidManifest.xml:20:5-44
MERGED from [com.google.android.gms:play-services-tasks:16.0.1] AndroidManifest.xml:5:5-44
MERGED from [com.google.android.gms:play-services-tasks:16.0.1] AndroidManifest.xml:5:5-44
MERGED from [com.google.android.gms:play-services-measurement-impl:16.5.0] AndroidManifest.xml:20:5-44
MERGED from [com.google.android.gms:play-services-measurement-impl:16.5.0] AndroidManifest.xml:20:5-44
MERGED from [com.google.android.gms:play-services-measurement-sdk-api:16.5.0] AndroidManifest.xml:20:5-44
MERGED from [com.google.android.gms:play-services-measurement-sdk-api:16.5.0] AndroidManifest.xml:20:5-44
MERGED from [com.google.android.gms:play-services-measurement-base:16.5.0] AndroidManifest.xml:5:5-44
MERGED from [com.google.android.gms:play-services-measurement-base:16.5.0] AndroidManifest.xml:5:5-44
MERGED from [com.google.android.gms:play-services-stats:16.0.1] AndroidManifest.xml:5:5-44
MERGED from [com.google.android.gms:play-services-stats:16.0.1] AndroidManifest.xml:5:5-44
MERGED from [com.google.firebase:firebase-measurement-connector:17.0.1] AndroidManifest.xml:20:5-44
MERGED from [com.google.firebase:firebase-measurement-connector:17.0.1] AndroidManifest.xml:20:5-44
MERGED from [com.google.android.gms:play-services-ads-identifier:16.0.0] AndroidManifest.xml:20:5-44
MERGED from [com.google.android.gms:play-services-ads-identifier:16.0.0] AndroidManifest.xml:20:5-44
MERGED from [com.google.android.gms:play-services-basement:16.2.0] AndroidManifest.xml:20:5-44
MERGED from [com.google.android.gms:play-services-basement:16.2.0] AndroidManifest.xml:20:5-44
MERGED from [androidx.legacy:legacy-support-v4:1.0.0] AndroidManifest.xml:20:5-44
MERGED from [androidx.legacy:legacy-support-v4:1.0.0] AndroidManifest.xml:20:5-44
MERGED from [androidx.exifinterface:exifinterface:1.0.0-rc01] AndroidManifest.xml:20:5-44
MERGED from [androidx.exifinterface:exifinterface:1.0.0-rc01] AndroidManifest.xml:20:5-44
MERGED from [io.grpc:grpc-android:1.16.1] AndroidManifest.xml:7:5-9:41
MERGED from [io.grpc:grpc-android:1.16.1] AndroidManifest.xml:7:5-9:41
MERGED from [androidx.media:media:1.0.0] AndroidManifest.xml:20:5-44
MERGED from [androidx.media:media:1.0.0] AndroidManifest.xml:20:5-44
MERGED from [androidx.fragment:fragment:1.0.0] AndroidManifest.xml:20:5-44
MERGED from [androidx.fragment:fragment:1.0.0] AndroidManifest.xml:20:5-44
MERGED from [androidx.legacy:legacy-support-core-ui:1.0.0] AndroidManifest.xml:20:5-44
MERGED from [androidx.legacy:legacy-support-core-ui:1.0.0] AndroidManifest.xml:20:5-44
MERGED from [androidx.legacy:legacy-support-core-utils:1.0.0] AndroidManifest.xml:20:5-44
MERGED from [androidx.legacy:legacy-support-core-utils:1.0.0] AndroidManifest.xml:20:5-44
MERGED from [androidx.loader:loader:1.0.0] AndroidManifest.xml:20:5-44
MERGED from [androidx.loader:loader:1.0.0] AndroidManifest.xml:20:5-44
MERGED from [androidx.viewpager:viewpager:1.0.0] AndroidManifest.xml:20:5-44
MERGED from [androidx.viewpager:viewpager:1.0.0] AndroidManifest.xml:20:5-44
MERGED from [androidx.coordinatorlayout:coordinatorlayout:1.0.0] AndroidManifest.xml:20:5-44
MERGED from [androidx.coordinatorlayout:coordinatorlayout:1.0.0] AndroidManifest.xml:20:5-44
MERGED from [androidx.drawerlayout:drawerlayout:1.0.0] AndroidManifest.xml:20:5-44
MERGED from [androidx.drawerlayout:drawerlayout:1.0.0] AndroidManifest.xml:20:5-44
MERGED from [androidx.slidingpanelayout:slidingpanelayout:1.0.0] AndroidManifest.xml:20:5-44
MERGED from [androidx.slidingpanelayout:slidingpanelayout:1.0.0] AndroidManifest.xml:20:5-44
MERGED from [androidx.customview:customview:1.0.0] AndroidManifest.xml:20:5-44
MERGED from [androidx.customview:customview:1.0.0] AndroidManifest.xml:20:5-44
MERGED from [androidx.swiperefreshlayout:swiperefreshlayout:1.0.0] AndroidManifest.xml:20:5-44
MERGED from [androidx.swiperefreshlayout:swiperefreshlayout:1.0.0] AndroidManifest.xml:20:5-44
MERGED from [androidx.asynclayoutinflater:asynclayoutinflater:1.0.0] AndroidManifest.xml:20:5-44
MERGED from [androidx.asynclayoutinflater:asynclayoutinflater:1.0.0] AndroidManifest.xml:20:5-44
MERGED from [androidx.core:core:1.0.0] AndroidManifest.xml:20:5-44
MERGED from [androidx.core:core:1.0.0] AndroidManifest.xml:20:5-44
MERGED from [androidx.versionedparcelable:versionedparcelable:1.0.0] AndroidManifest.xml:20:5-44
MERGED from [androidx.versionedparcelable:versionedparcelable:1.0.0] AndroidManifest.xml:20:5-44
MERGED from [androidx.lifecycle:lifecycle-runtime:2.0.0] AndroidManifest.xml:20:5-44
MERGED from [androidx.lifecycle:lifecycle-runtime:2.0.0] AndroidManifest.xml:20:5-44
MERGED from [androidx.documentfile:documentfile:1.0.0] AndroidManifest.xml:20:5-44
MERGED from [androidx.documentfile:documentfile:1.0.0] AndroidManifest.xml:20:5-44
MERGED from [androidx.localbroadcastmanager:localbroadcastmanager:1.0.0] AndroidManifest.xml:20:5-44
MERGED from [androidx.localbroadcastmanager:localbroadcastmanager:1.0.0] AndroidManifest.xml:20:5-44
MERGED from [androidx.print:print:1.0.0] AndroidManifest.xml:20:5-44
MERGED from [androidx.print:print:1.0.0] AndroidManifest.xml:20:5-44
MERGED from [androidx.interpolator:interpolator:1.0.0] AndroidManifest.xml:20:5-44
MERGED from [androidx.interpolator:interpolator:1.0.0] AndroidManifest.xml:20:5-44
MERGED from [androidx.cursoradapter:cursoradapter:1.0.0] AndroidManifest.xml:20:5-44
MERGED from [androidx.cursoradapter:cursoradapter:1.0.0] AndroidManifest.xml:20:5-44
MERGED from [androidx.lifecycle:lifecycle-viewmodel:2.0.0] AndroidManifest.xml:20:5-44
MERGED from [androidx.lifecycle:lifecycle-viewmodel:2.0.0] AndroidManifest.xml:20:5-44
MERGED from [androidx.lifecycle:lifecycle-livedata:2.0.0] AndroidManifest.xml:20:5-44
MERGED from [androidx.lifecycle:lifecycle-livedata:2.0.0] AndroidManifest.xml:20:5-44
MERGED from [androidx.lifecycle:lifecycle-livedata-core:2.0.0] AndroidManifest.xml:20:5-44
MERGED from [androidx.lifecycle:lifecycle-livedata-core:2.0.0] AndroidManifest.xml:20:5-44
MERGED from [androidx.arch.core:core-runtime:2.0.0] AndroidManifest.xml:20:5-44
MERGED from [androidx.arch.core:core-runtime:2.0.0] AndroidManifest.xml:20:5-44
MERGED from [org.tensorflow:tensorflow-lite:1.13.1] AndroidManifest.xml:5:5-7:41
MERGED from [org.tensorflow:tensorflow-lite:1.13.1] AndroidManifest.xml:5:5-7:41
MERGED from [com.google.firebase:firebase-database-collection:16.0.1] AndroidManifest.xml:5:5-44
MERGED from [com.google.firebase:firebase-database-collection:16.0.1] AndroidManifest.xml:5:5-44